2025-09-10 19:55:40,934 INFO: アプリケーション起動 [in C:\Users\gggmt\my-project\final-project\app.py:181]
2025-09-10 19:55:40,936 INFO: ログ設定完了 - app.log と error.log に記録されます [in C:\Users\gggmt\my-project\final-project\app.py:182]
2025-09-10 19:55:41,836 INFO: アプリケーション起動 [in C:\Users\gggmt\my-project\final-project\app.py:181]
2025-09-10 19:55:41,837 INFO: ログ設定完了 - app.log と error.log に記録されます [in C:\Users\gggmt\my-project\final-project\app.py:182]
2025-09-10 19:55:49,531 INFO: 認証済みユーザー admin - ダッシュボード表示 [in C:\Users\gggmt\my-project\final-project\app.py:200]
2025-09-10 19:56:11,891 INFO: POST request received for new kifu [in C:\Users\gggmt\my-project\final-project\apps\shogi\routes.py:98]
2025-09-10 19:56:11,892 INFO: Form data - raw_title: '*相馬康幸　「デフォルト」　詰パラ２００３年８月 *看寿賞中編賞', extracted_title: '相馬康幸作_詰パラ', final_title: '*相馬康幸　「デフォルト」　詰パラ２００３年８月 *看寿賞中編賞', format: kif, kifu length: 2722 [in C:\Users\gggmt\my-project\final-project\apps\shogi\routes.py:117]
2025-09-10 19:56:11,892 INFO: Generated filename: 20038_20250910-195611.kif [in C:\Users\gggmt\my-project\final-project\apps\shogi\routes.py:139]
2025-09-10 19:56:11,893 INFO: Output directory: C:\Users\gggmt\my-project\final-project\apps/static/kifu [in C:\Users\gggmt\my-project\final-project\apps\shogi\routes.py:141]
2025-09-10 19:56:11,893 INFO: Saving to: C:\Users\gggmt\my-project\final-project\apps/static/kifu\20038_20250910-195611.kif [in C:\Users\gggmt\my-project\final-project\apps\shogi\routes.py:145]
2025-09-10 19:56:11,894 INFO: File saved successfully: 20038_20250910-195611.kif [in C:\Users\gggmt\my-project\final-project\apps\shogi\routes.py:151]
2025-09-10 20:00:50,578 INFO: アプリケーション起動 [in C:\Users\gggmt\my-project\final-project\app.py:181]
2025-09-10 20:00:50,579 INFO: ログ設定完了 - app.log と error.log に記録されます [in C:\Users\gggmt\my-project\final-project\app.py:182]
2025-09-10 20:00:51,366 INFO: アプリケーション起動 [in C:\Users\gggmt\my-project\final-project\app.py:181]
2025-09-10 20:00:51,367 INFO: ログ設定完了 - app.log と error.log に記録されます [in C:\Users\gggmt\my-project\final-project\app.py:182]
2025-09-10 20:00:53,024 INFO: 認証済みユーザー admin - ダッシュボード表示 [in C:\Users\gggmt\my-project\final-project\app.py:200]
2025-09-10 20:01:37,267 INFO: POST request received for new kifu [in C:\Users\gggmt\my-project\final-project\apps\shogi\routes.py:70]
2025-09-10 20:01:37,268 INFO: Form data - title: 相馬康幸　「デフォルト」　詰パラ２００３年８月, format: kif, kifu length: 2722 [in C:\Users\gggmt\my-project\final-project\apps\shogi\routes.py:74]
2025-09-10 20:01:37,269 INFO: Output directory: C:\Users\gggmt\my-project\final-project\apps/static/kifu [in C:\Users\gggmt\my-project\final-project\apps\shogi\routes.py:95]
2025-09-10 20:01:37,269 INFO: Saving to: C:\Users\gggmt\my-project\final-project\apps/static/kifu\相馬康幸_「デフォルト」_詰パラ２００３年８月-20250910-200137.kif [in C:\Users\gggmt\my-project\final-project\apps\shogi\routes.py:99]
2025-09-10 20:01:37,270 INFO: File saved successfully: 相馬康幸_「デフォルト」_詰パラ２００３年８月-20250910-200137.kif [in C:\Users\gggmt\my-project\final-project\apps\shogi\routes.py:105]
2025-09-10 20:10:15,007 INFO: アプリケーション起動 [in C:\Users\gggmt\my-project\final-project\app.py:181]
2025-09-10 20:10:15,008 INFO: ログ設定完了 - app.log と error.log に記録されます [in C:\Users\gggmt\my-project\final-project\app.py:182]
2025-09-10 20:11:50,217 INFO: POST request received for new kifu [in C:\Users\gggmt\my-project\final-project\apps\shogi\routes.py:70]
2025-09-10 20:11:50,218 INFO: Form data - title: 相馬康幸_「デフォルト」_詰パラ２００３年８月, format: kif, kifu length: 2722 [in C:\Users\gggmt\my-project\final-project\apps\shogi\routes.py:74]
2025-09-10 20:11:50,218 INFO: Output directory: C:\Users\gggmt\my-project\final-project\apps/static/kifu [in C:\Users\gggmt\my-project\final-project\apps\shogi\routes.py:94]
2025-09-10 20:11:50,219 INFO: Saving to: C:\Users\gggmt\my-project\final-project\apps/static/kifu\相馬康幸_「デフォルト」_詰パラ２００３年８月.kif [in C:\Users\gggmt\my-project\final-project\apps\shogi\routes.py:98]
2025-09-10 20:11:50,220 INFO: File saved successfully: 相馬康幸_「デフォルト」_詰パラ２００３年８月.kif [in C:\Users\gggmt\my-project\final-project\apps\shogi\routes.py:104]
2025-09-10 20:13:16,186 INFO: アプリケーション起動 [in C:\Users\gggmt\my-project\final-project\app.py:181]
2025-09-10 20:13:16,187 INFO: ログ設定完了 - app.log と error.log に記録されます [in C:\Users\gggmt\my-project\final-project\app.py:182]
2025-09-10 20:13:18,556 INFO: アプリケーション起動 [in C:\Users\gggmt\my-project\final-project\app.py:181]
2025-09-10 20:13:18,556 INFO: ログ設定完了 - app.log と error.log に記録されます [in C:\Users\gggmt\my-project\final-project\app.py:182]
2025-09-10 20:13:23,291 INFO: Looking for file: 相馬康幸_「デフォルト」_詰パラ２００３年８月.kif [in C:\Users\gggmt\my-project\final-project\apps\shogi\routes.py:247]
2025-09-10 20:13:23,292 INFO: Kifu dir: C:\Users\gggmt\my-project\final-project\apps/static/kifu [in C:\Users\gggmt\my-project\final-project\apps\shogi\routes.py:248]
2025-09-10 20:13:23,292 INFO: Full filepath: C:\Users\gggmt\my-project\final-project\apps/static/kifu\相馬康幸_「デフォルト」_詰パラ２００３年８月.kif [in C:\Users\gggmt\my-project\final-project\apps\shogi\routes.py:249]
2025-09-10 20:13:23,292 INFO: File exists: True [in C:\Users\gggmt\my-project\final-project\apps\shogi\routes.py:250]
2025-09-10 20:17:52,879 INFO: アプリケーション起動 [in C:\Users\gggmt\my-project\final-project\app.py:181]
2025-09-10 20:17:52,880 INFO: ログ設定完了 - app.log と error.log に記録されます [in C:\Users\gggmt\my-project\final-project\app.py:182]
2025-09-10 20:17:53,629 INFO: アプリケーション起動 [in C:\Users\gggmt\my-project\final-project\app.py:181]
2025-09-10 20:17:53,631 INFO: ログ設定完了 - app.log と error.log に記録されます [in C:\Users\gggmt\my-project\final-project\app.py:182]
2025-09-10 20:17:55,237 INFO: 認証済みユーザー admin - ダッシュボード表示 [in C:\Users\gggmt\my-project\final-project\app.py:200]
